<?xml version="1.0" encoding="UTF-8"?>
<!-- Generated by org.testng.reporters.JUnitReportReporter -->
<testsuite skipped="0" hostname="PC-20171213FAZD" name="com.course.cases.GetUserInfoListTest" tests="1" failures="0" timestamp="2020-04-17T15:12:03 CST" time="0.944" errors="0">
  <testcase name="getUserListInfo" time="0.944" classname="com.course.cases.GetUserInfoListTest"/>
  <system-out/>
</testsuite> <!-- com.course.cases.GetUserInfoListTest -->
