<?xml version="1.0" encoding="UTF-8"?>
<!-- Generated by org.testng.reporters.JUnitReportReporter -->
<testsuite skipped="0" hostname="PC-20171213FAZD" name="com.course.cases.LoginTest" tests="2" failures="0" timestamp="2020-04-17T15:12:03 CST" time="13.318" errors="0">
  <testcase name="loginTrue" time="13.020" classname="com.course.cases.LoginTest"/>
  <system-out/>
  <testcase name="loginFalse" time="0.298" classname="com.course.cases.LoginTest"/>
  <system-out/>
</testsuite> <!-- com.course.cases.LoginTest -->
