<?xml version="1.0" encoding="UTF-8"?>
<!-- Generated by org.testng.reporters.JUnitReportReporter -->
<testsuite skipped="0" hostname="PC-20171213FAZD" name="com.course.cases.UpdateUserInfoTest" tests="2" failures="0" timestamp="2020-04-17T15:12:03 CST" time="4.523" errors="0">
  <testcase name="deleteUser" time="0.265" classname="com.course.cases.UpdateUserInfoTest"/>
  <system-out/>
  <testcase name="updateUserInfo" time="4.258" classname="com.course.cases.UpdateUserInfoTest"/>
  <system-out/>
</testsuite> <!-- com.course.cases.UpdateUserInfoTest -->
