<?xml version="1.0" encoding="UTF-8"?>
<!-- Generated by org.testng.reporters.JUnitReportReporter -->
<testsuite skipped="0" hostname="PC-20171213FAZD" name="com.course.cases.GetUserInfoTest" tests="1" failures="0" timestamp="2020-04-17T15:12:03 CST" time="6.051" errors="0">
  <testcase name="getUserInfo" time="6.051" classname="com.course.cases.GetUserInfoTest"/>
  <system-out/>
</testsuite> <!-- com.course.cases.GetUserInfoTest -->
